\BOOKMARK [0][-]{section*.2}{The Slope of Form Factors from Lattice QCD}{}% 2
\BOOKMARK [1][-]{section*.1}{Abstract}{section*.2}% 1
\BOOKMARK [1][-]{section*.3}{Introduction}{section*.2}% 3
\BOOKMARK [2][-]{section*.4}{On the radius of the proton}{section*.3}% 4
\BOOKMARK [2][-]{section*.5}{Overview}{section*.3}% 5
\BOOKMARK [1][-]{section*.6}{Moments of correlation functions}{section*.2}% 6
\BOOKMARK [2][-]{section*.7}{Charge radius spinor algebra}{section*.6}% 7
\BOOKMARK [2][-]{section*.8}{Formalism}{section*.6}% 8
\BOOKMARK [3][-]{section*.9}{Three-point correlation function}{section*.8}% 9
\BOOKMARK [3][-]{section*.10}{Two-point correlation function}{section*.8}% 10
\BOOKMARK [2][-]{section*.11}{Interpretation}{section*.6}% 11
\BOOKMARK [3][-]{section*.12}{Three-point correlation function}{section*.11}% 12
\BOOKMARK [3][-]{section*.13}{Two-point correlation function}{section*.11}% 13
\BOOKMARK [3][-]{section*.14}{4-momentum derivatives}{section*.11}% 14
\BOOKMARK [2][-]{section*.15}{Reparameterization}{section*.6}% 15
\BOOKMARK [2][-]{section*.16}{Valence finite volume correction}{section*.6}% 16
\BOOKMARK [1][-]{section*.17}{Dirac radius of the nucleon}{section*.2}% 17
\BOOKMARK [2][-]{section*.18}{Computational Details}{section*.17}% 18
\BOOKMARK [2][-]{section*.19}{Analysis strategy}{section*.17}% 19
\BOOKMARK [2][-]{section*.20}{Analysis details}{section*.17}% 20
\BOOKMARK [3][-]{section*.21}{Prior selection}{section*.20}% 21
\BOOKMARK [3][-]{section*.22}{Fit region and sensitivity analysis}{section*.20}% 22
\BOOKMARK [3][-]{section*.23}{Finite volume effects}{section*.20}% 23
\BOOKMARK [2][-]{section*.24}{Results}{section*.17}% 24
\BOOKMARK [1][-]{section*.25}{Conclusions and outlook}{section*.2}% 25
\BOOKMARK [1][-]{section*.26}{References}{section*.2}% 26
\BOOKMARK [1][-]{section*.27}{Small volume effective mass and related plots}{section*.2}% 27
\BOOKMARK [1][-]{section*.28}{Small volume tmax correlator stability plots}{section*.2}% 28
